Started GET "/" for 127.0.0.1 at 2017-09-26 13:41:28 +0900
Processing by Rails::WelcomeController#index as HTML
  Rendering vendor/bundle/ruby/2.4.0/gems/railties-5.1.4/lib/rails/templates/rails/welcome/index.html.erb
  Rendered vendor/bundle/ruby/2.4.0/gems/railties-5.1.4/lib/rails/templates/rails/welcome/index.html.erb (3.6ms)
Completed 200 OK in 243ms (Views: 9.5ms)


Started GET "/" for 127.0.0.1 at 2017-09-26 14:13:03 +0900
Processing by Rails::WelcomeController#index as HTML
  Rendering vendor/bundle/gems/railties-5.1.4/lib/rails/templates/rails/welcome/index.html.erb
  Rendered vendor/bundle/gems/railties-5.1.4/lib/rails/templates/rails/welcome/index.html.erb (3.6ms)
Completed 200 OK in 164ms (Views: 9.6ms)


Started GET "/" for 127.0.0.1 at 2017-09-26 14:13:07 +0900
Processing by Rails::WelcomeController#index as HTML
  Rendering vendor/bundle/gems/railties-5.1.4/lib/rails/templates/rails/welcome/index.html.erb
  Rendered vendor/bundle/gems/railties-5.1.4/lib/rails/templates/rails/welcome/index.html.erb (2.8ms)
Completed 200 OK in 7ms (Views: 4.8ms)


Started GET "/home/top" for 127.0.0.1 at 2017-09-26 14:13:08 +0900
  
ActionController::RoutingError (No route matches [GET] "/home/top"):
  
vendor/bundle/gems/actionpack-5.1.4/lib/action_dispatch/middleware/debug_exceptions.rb:63:in `call'
vendor/bundle/gems/web-console-3.5.1/lib/web_console/middleware.rb:135:in `call_app'
vendor/bundle/gems/web-console-3.5.1/lib/web_console/middleware.rb:28:in `block in call'
vendor/bundle/gems/web-console-3.5.1/lib/web_console/middleware.rb:18:in `catch'
vendor/bundle/gems/web-console-3.5.1/lib/web_console/middleware.rb:18:in `call'
vendor/bundle/gems/actionpack-5.1.4/lib/action_dispatch/middleware/show_exceptions.rb:31:in `call'
vendor/bundle/gems/railties-5.1.4/lib/rails/rack/logger.rb:36:in `call_app'
vendor/bundle/gems/railties-5.1.4/lib/rails/rack/logger.rb:24:in `block in call'
vendor/bundle/gems/activesupport-5.1.4/lib/active_support/tagged_logging.rb:69:in `block in tagged'
vendor/bundle/gems/activesupport-5.1.4/lib/active_support/tagged_logging.rb:26:in `tagged'
vendor/bundle/gems/activesupport-5.1.4/lib/active_support/tagged_logging.rb:69:in `tagged'
vendor/bundle/gems/railties-5.1.4/lib/rails/rack/logger.rb:24:in `call'
vendor/bundle/gems/sprockets-rails-3.2.1/lib/sprockets/rails/quiet_assets.rb:13:in `call'
vendor/bundle/gems/actionpack-5.1.4/lib/action_dispatch/middleware/remote_ip.rb:79:in `call'
vendor/bundle/gems/actionpack-5.1.4/lib/action_dispatch/middleware/request_id.rb:25:in `call'
vendor/bundle/gems/rack-2.0.3/lib/rack/method_override.rb:22:in `call'
vendor/bundle/gems/rack-2.0.3/lib/rack/runtime.rb:22:in `call'
vendor/bundle/gems/activesupport-5.1.4/lib/active_support/cache/strategy/local_cache_middleware.rb:27:in `call'
vendor/bundle/gems/actionpack-5.1.4/lib/action_dispatch/middleware/executor.rb:12:in `call'
vendor/bundle/gems/actionpack-5.1.4/lib/action_dispatch/middleware/static.rb:125:in `call'
vendor/bundle/gems/rack-2.0.3/lib/rack/sendfile.rb:111:in `call'
vendor/bundle/gems/railties-5.1.4/lib/rails/engine.rb:522:in `call'
vendor/bundle/gems/puma-3.10.0/lib/puma/configuration.rb:225:in `call'
vendor/bundle/gems/puma-3.10.0/lib/puma/server.rb:605:in `handle_request'
vendor/bundle/gems/puma-3.10.0/lib/puma/server.rb:437:in `process_client'
vendor/bundle/gems/puma-3.10.0/lib/puma/server.rb:301:in `block in run'
vendor/bundle/gems/puma-3.10.0/lib/puma/thread_pool.rb:120:in `block in spawn_thread'
Started GET "/home/top" for 127.0.0.1 at 2017-09-26 14:13:08 +0900
  
ActionController::RoutingError (No route matches [GET] "/home/top"):
  
vendor/bundle/gems/actionpack-5.1.4/lib/action_dispatch/middleware/debug_exceptions.rb:63:in `call'
vendor/bundle/gems/web-console-3.5.1/lib/web_console/middleware.rb:135:in `call_app'
vendor/bundle/gems/web-console-3.5.1/lib/web_console/middleware.rb:28:in `block in call'
vendor/bundle/gems/web-console-3.5.1/lib/web_console/middleware.rb:18:in `catch'
vendor/bundle/gems/web-console-3.5.1/lib/web_console/middleware.rb:18:in `call'
vendor/bundle/gems/actionpack-5.1.4/lib/action_dispatch/middleware/show_exceptions.rb:31:in `call'
vendor/bundle/gems/railties-5.1.4/lib/rails/rack/logger.rb:36:in `call_app'
vendor/bundle/gems/railties-5.1.4/lib/rails/rack/logger.rb:24:in `block in call'
vendor/bundle/gems/activesupport-5.1.4/lib/active_support/tagged_logging.rb:69:in `block in tagged'
vendor/bundle/gems/activesupport-5.1.4/lib/active_support/tagged_logging.rb:26:in `tagged'
vendor/bundle/gems/activesupport-5.1.4/lib/active_support/tagged_logging.rb:69:in `tagged'
vendor/bundle/gems/railties-5.1.4/lib/rails/rack/logger.rb:24:in `call'
vendor/bundle/gems/sprockets-rails-3.2.1/lib/sprockets/rails/quiet_assets.rb:13:in `call'
vendor/bundle/gems/actionpack-5.1.4/lib/action_dispatch/middleware/remote_ip.rb:79:in `call'
vendor/bundle/gems/actionpack-5.1.4/lib/action_dispatch/middleware/request_id.rb:25:in `call'
vendor/bundle/gems/rack-2.0.3/lib/rack/method_override.rb:22:in `call'
vendor/bundle/gems/rack-2.0.3/lib/rack/runtime.rb:22:in `call'
vendor/bundle/gems/activesupport-5.1.4/lib/active_support/cache/strategy/local_cache_middleware.rb:27:in `call'
vendor/bundle/gems/actionpack-5.1.4/lib/action_dispatch/middleware/executor.rb:12:in `call'
vendor/bundle/gems/actionpack-5.1.4/lib/action_dispatch/middleware/static.rb:125:in `call'
vendor/bundle/gems/rack-2.0.3/lib/rack/sendfile.rb:111:in `call'
vendor/bundle/gems/railties-5.1.4/lib/rails/engine.rb:522:in `call'
vendor/bundle/gems/puma-3.10.0/lib/puma/configuration.rb:225:in `call'
vendor/bundle/gems/puma-3.10.0/lib/puma/server.rb:605:in `handle_request'
vendor/bundle/gems/puma-3.10.0/lib/puma/server.rb:437:in `process_client'
vendor/bundle/gems/puma-3.10.0/lib/puma/server.rb:301:in `block in run'
vendor/bundle/gems/puma-3.10.0/lib/puma/thread_pool.rb:120:in `block in spawn_thread'
Started GET "/home/top" for 127.0.0.1 at 2017-09-26 14:13:09 +0900
  
ActionController::RoutingError (No route matches [GET] "/home/top"):
  
vendor/bundle/gems/actionpack-5.1.4/lib/action_dispatch/middleware/debug_exceptions.rb:63:in `call'
vendor/bundle/gems/web-console-3.5.1/lib/web_console/middleware.rb:135:in `call_app'
vendor/bundle/gems/web-console-3.5.1/lib/web_console/middleware.rb:28:in `block in call'
vendor/bundle/gems/web-console-3.5.1/lib/web_console/middleware.rb:18:in `catch'
vendor/bundle/gems/web-console-3.5.1/lib/web_console/middleware.rb:18:in `call'
vendor/bundle/gems/actionpack-5.1.4/lib/action_dispatch/middleware/show_exceptions.rb:31:in `call'
vendor/bundle/gems/railties-5.1.4/lib/rails/rack/logger.rb:36:in `call_app'
vendor/bundle/gems/railties-5.1.4/lib/rails/rack/logger.rb:24:in `block in call'
vendor/bundle/gems/activesupport-5.1.4/lib/active_support/tagged_logging.rb:69:in `block in tagged'
vendor/bundle/gems/activesupport-5.1.4/lib/active_support/tagged_logging.rb:26:in `tagged'
vendor/bundle/gems/activesupport-5.1.4/lib/active_support/tagged_logging.rb:69:in `tagged'
vendor/bundle/gems/railties-5.1.4/lib/rails/rack/logger.rb:24:in `call'
vendor/bundle/gems/sprockets-rails-3.2.1/lib/sprockets/rails/quiet_assets.rb:13:in `call'
vendor/bundle/gems/actionpack-5.1.4/lib/action_dispatch/middleware/remote_ip.rb:79:in `call'
vendor/bundle/gems/actionpack-5.1.4/lib/action_dispatch/middleware/request_id.rb:25:in `call'
vendor/bundle/gems/rack-2.0.3/lib/rack/method_override.rb:22:in `call'
vendor/bundle/gems/rack-2.0.3/lib/rack/runtime.rb:22:in `call'
vendor/bundle/gems/activesupport-5.1.4/lib/active_support/cache/strategy/local_cache_middleware.rb:27:in `call'
vendor/bundle/gems/actionpack-5.1.4/lib/action_dispatch/middleware/executor.rb:12:in `call'
vendor/bundle/gems/actionpack-5.1.4/lib/action_dispatch/middleware/static.rb:125:in `call'
vendor/bundle/gems/rack-2.0.3/lib/rack/sendfile.rb:111:in `call'
vendor/bundle/gems/railties-5.1.4/lib/rails/engine.rb:522:in `call'
vendor/bundle/gems/puma-3.10.0/lib/puma/configuration.rb:225:in `call'
vendor/bundle/gems/puma-3.10.0/lib/puma/server.rb:605:in `handle_request'
vendor/bundle/gems/puma-3.10.0/lib/puma/server.rb:437:in `process_client'
vendor/bundle/gems/puma-3.10.0/lib/puma/server.rb:301:in `block in run'
vendor/bundle/gems/puma-3.10.0/lib/puma/thread_pool.rb:120:in `block in spawn_thread'
